-------------------------------------------------------------------------------
Test set: com.springelasticsearch.app.EmployeeServiceTest
-------------------------------------------------------------------------------
Tests run: 2, Failures: 0, Errors: 2, Skipped: 0, Time elapsed: 8.268 sec <<< FAILURE! - in com.springelasticsearch.app.EmployeeServiceTest
testFindOne(com.springelasticsearch.app.EmployeeServiceTest)  Time elapsed: 0.038 sec  <<< ERROR!
org.elasticsearch.client.transport.NoNodeAvailableException: None of the configured nodes are available: [{#transport#-1}{127.0.0.1}{127.0.0.1:9200}]
	at org.elasticsearch.client.transport.TransportClientNodesService.ensureNodesAreAvailable(TransportClientNodesService.java:326)
	at org.elasticsearch.client.transport.TransportClientNodesService.execute(TransportClientNodesService.java:223)
	at org.elasticsearch.client.transport.support.TransportProxyClient.execute(TransportProxyClient.java:55)
	at org.elasticsearch.client.transport.TransportClient.doExecute(TransportClient.java:295)
	at org.elasticsearch.client.support.AbstractClient.execute(AbstractClient.java:359)
	at org.elasticsearch.client.support.AbstractClient.execute(AbstractClient.java:348)
	at org.elasticsearch.client.support.AbstractClient$IndicesAdmin.execute(AbstractClient.java:1221)
	at org.elasticsearch.client.support.AbstractClient$IndicesAdmin.exists(AbstractClient.java:1241)
	at org.springframework.data.elasticsearch.core.ElasticsearchTemplate.indexExists(ElasticsearchTemplate.java:622)
	at org.springframework.data.elasticsearch.core.ElasticsearchTemplate.deleteIndex(ElasticsearchTemplate.java:639)
	at org.springframework.data.elasticsearch.core.ElasticsearchTemplate.deleteIndex(ElasticsearchTemplate.java:633)
	at com.springelasticsearch.app.EmployeeServiceTest.before(EmployeeServiceTest.java:34)

testSave(com.springelasticsearch.app.EmployeeServiceTest)  Time elapsed: 0.003 sec  <<< ERROR!
org.elasticsearch.client.transport.NoNodeAvailableException: None of the configured nodes are available: [{#transport#-1}{127.0.0.1}{127.0.0.1:9200}]
	at org.elasticsearch.client.transport.TransportClientNodesService.ensureNodesAreAvailable(TransportClientNodesService.java:326)
	at org.elasticsearch.client.transport.TransportClientNodesService.execute(TransportClientNodesService.java:223)
	at org.elasticsearch.client.transport.support.TransportProxyClient.execute(TransportProxyClient.java:55)
	at org.elasticsearch.client.transport.TransportClient.doExecute(TransportClient.java:295)
	at org.elasticsearch.client.support.AbstractClient.execute(AbstractClient.java:359)
	at org.elasticsearch.client.support.AbstractClient.execute(AbstractClient.java:348)
	at org.elasticsearch.client.support.AbstractClient$IndicesAdmin.execute(AbstractClient.java:1221)
	at org.elasticsearch.client.support.AbstractClient$IndicesAdmin.exists(AbstractClient.java:1241)
	at org.springframework.data.elasticsearch.core.ElasticsearchTemplate.indexExists(ElasticsearchTemplate.java:622)
	at org.springframework.data.elasticsearch.core.ElasticsearchTemplate.deleteIndex(ElasticsearchTemplate.java:639)
	at org.springframework.data.elasticsearch.core.ElasticsearchTemplate.deleteIndex(ElasticsearchTemplate.java:633)
	at com.springelasticsearch.app.EmployeeServiceTest.before(EmployeeServiceTest.java:34)

