<?xml version="1.0" encoding="UTF-8"?>
<testsuite name="com.springelasticsearch.app.EmployeeServiceTest" time="0.041" tests="2" errors="2" skipped="0" failures="0">
  <properties>
[...]
</properties>
  <testcase name="testFindOne" classname="com.springelasticsearch.app.EmployeeServiceTest" time="0.038">
    <error message="None of the configured nodes are available: [{#transport#-1}{127.0.0.1}{127.0.0.1:9200}]" type="org.elasticsearch.client.transport.NoNodeAvailableException">org.elasticsearch.client.transport.NoNodeAvailableException: None of the configured nodes are available: [{#transport#-1}{127.0.0.1}{127.0.0.1:9200}]
	at org.elasticsearch.client.transport.TransportClientNodesService.ensureNodesAreAvailable(TransportClientNodesService.java:326)
	at org.elasticsearch.client.transport.TransportClientNodesService.execute(TransportClientNodesService.java:223)
	at org.elasticsearch.client.transport.support.TransportProxyClient.execute(TransportProxyClient.java:55)
	at org.elasticsearch.client.transport.TransportClient.doExecute(TransportClient.java:295)
	at org.elasticsearch.client.support.AbstractClient.execute(AbstractClient.java:359)
	at org.elasticsearch.client.support.AbstractClient.execute(AbstractClient.java:348)
	at org.elasticsearch.client.support.AbstractClient$IndicesAdmin.execute(AbstractClient.java:1221)
	at org.elasticsearch.client.support.AbstractClient$IndicesAdmin.exists(AbstractClient.java:1241)
	at org.springframework.data.elasticsearch.core.ElasticsearchTemplate.indexExists(ElasticsearchTemplate.java:622)
	at org.springframework.data.elasticsearch.core.ElasticsearchTemplate.deleteIndex(ElasticsearchTemplate.java:639)
	at org.springframework.data.elasticsearch.core.ElasticsearchTemplate.deleteIndex(ElasticsearchTemplate.java:633)
	at com.springelasticsearch.app.EmployeeServiceTest.before(EmployeeServiceTest.java:34)
</error>
    <system-out><![CDATA[17:19:43.359 [main] DEBUG org.springframework.test.context.junit4.SpringJUnit4ClassRunner - SpringJUnit4ClassRunner constructor called with [class com.springelasticsearch.app.EmployeeServiceTest]
17:19:43.381 [main] DEBUG org.springframework.test.context.BootstrapUtils - Instantiating CacheAwareContextLoaderDelegate from class [org.springframework.test.context.cache.DefaultCacheAwareContextLoaderDelegate]
17:19:43.395 [main] DEBUG org.springframework.test.context.BootstrapUtils - Instantiating BootstrapContext using constructor [public org.springframework.test.context.support.DefaultBootstrapContext(java.lang.Class,org.springframework.test.context.CacheAwareContextLoaderDelegate)]
17:19:43.418 [main] DEBUG org.springframework.test.context.BootstrapUtils - Instantiating TestContextBootstrapper for test class [com.springelasticsearch.app.EmployeeServiceTest] from class [org.springframework.boot.test.context.SpringBootTestContextBootstrapper]
17:19:43.439 [main] INFO org.springframework.boot.test.context.SpringBootTestContextBootstrapper - Neither @ContextConfiguration nor @ContextHierarchy found for test class [com.springelasticsearch.app.EmployeeServiceTest], using SpringBootContextLoader
17:19:43.443 [main] DEBUG org.springframework.test.context.support.AbstractContextLoader - Did not detect default resource location for test class [com.springelasticsearch.app.EmployeeServiceTest]: class path resource [com/springelasticsearch/app/EmployeeServiceTest-context.xml] does not exist
17:19:43.443 [main] DEBUG org.springframework.test.context.support.AbstractContextLoader - Did not detect default resource location for test class [com.springelasticsearch.app.EmployeeServiceTest]: class path resource [com/springelasticsearch/app/EmployeeServiceTestContext.groovy] does not exist
17:19:43.444 [main] INFO org.springframework.test.context.support.AbstractContextLoader - Could not detect default resource locations for test class [com.springelasticsearch.app.EmployeeServiceTest]: no resource found for suffixes {-context.xml, Context.groovy}.
17:19:43.564 [main] DEBUG org.springframework.test.context.support.ActiveProfilesUtils - Could not find an 'annotation declaring class' for annotation type [org.springframework.test.context.ActiveProfiles] and class [com.springelasticsearch.app.EmployeeServiceTest]
17:19:43.619 [main] DEBUG org.springframework.boot.test.context.SpringBootTestContextBootstrapper - @TestExecutionListeners is not present for class [com.springelasticsearch.app.EmployeeServiceTest]: using defaults.
17:19:43.625 [main] INFO org.springframework.boot.test.context.SpringBootTestContextBootstrapper - Loaded default TestExecutionListener class names from location [META-INF/spring.factories]: [org.springframework.boot.test.mock.mockito.MockitoTestExecutionListener, org.springframework.boot.test.mock.mockito.ResetMocksTestExecutionListener, org.springframework.boot.test.autoconfigure.restdocs.RestDocsTestExecutionListener, org.springframework.boot.test.autoconfigure.web.client.MockRestServiceServerResetTestExecutionListener, org.springframework.boot.test.autoconfigure.web.servlet.MockMvcPrintOnlyOnFailureTestExecutionListener, org.springframework.boot.test.autoconfigure.web.servlet.WebDriverTestExecutionListener, org.springframework.test.context.web.ServletTestExecutionListener, org.springframework.test.context.support.DirtiesContextBeforeModesTestExecutionListener, org.springframework.test.context.support.DependencyInjectionTestExecutionListener, org.springframework.test.context.support.DirtiesContextTestExecutionListener, org.springframework.test.context.transaction.TransactionalTestExecutionListener, org.springframework.test.context.jdbc.SqlScriptsTestExecutionListener]
17:19:43.643 [main] INFO org.springframework.boot.test.context.SpringBootTestContextBootstrapper - Could not instantiate TestExecutionListener [org.springframework.test.context.web.ServletTestExecutionListener]. Specify custom listener classes or make the default listener classes (and their required dependencies) available. Offending class: [javax/servlet/ServletContext]
17:19:43.656 [main] INFO org.springframework.boot.test.context.SpringBootTestContextBootstrapper - Using TestExecutionListeners: [org.springframework.test.context.support.DirtiesContextBeforeModesTestExecutionListener@13eb8acf, org.springframework.boot.test.autoconfigure.SpringBootDependencyInjectionTestExecutionListener@51c8530f, org.springframework.test.context.support.DirtiesContextTestExecutionListener@7403c468, org.springframework.test.context.transaction.TransactionalTestExecutionListener@43738a82, org.springframework.test.context.jdbc.SqlScriptsTestExecutionListener@c81cdd1, org.springframework.boot.test.autoconfigure.restdocs.RestDocsTestExecutionListener@1fc2b765, org.springframework.boot.test.mock.mockito.ResetMocksTestExecutionListener@75881071, org.springframework.boot.test.autoconfigure.web.servlet.MockMvcPrintOnlyOnFailureTestExecutionListener@2a70a3d8, org.springframework.boot.test.autoconfigure.web.servlet.WebDriverTestExecutionListener@289d1c02, org.springframework.boot.test.autoconfigure.web.client.MockRestServiceServerResetTestExecutionListener@22eeefeb, org.springframework.boot.test.mock.mockito.MockitoTestExecutionListener@17d0685f]
17:19:43.660 [main] DEBUG org.springframework.test.annotation.ProfileValueUtils - Retrieved @ProfileValueSourceConfiguration [null] for test class [com.springelasticsearch.app.EmployeeServiceTest]
17:19:43.660 [main] DEBUG org.springframework.test.annotation.ProfileValueUtils - Retrieved ProfileValueSource type [class org.springframework.test.annotation.SystemProfileValueSource] for class [com.springelasticsearch.app.EmployeeServiceTest]
17:19:43.663 [main] DEBUG org.springframework.test.context.junit4.SpringJUnit4ClassRunner - SpringJUnit4ClassRunner constructor called with [class com.springelasticsearch.app.EmployeeServiceTest]
17:19:43.663 [main] DEBUG org.springframework.test.context.BootstrapUtils - Instantiating CacheAwareContextLoaderDelegate from class [org.springframework.test.context.cache.DefaultCacheAwareContextLoaderDelegate]
17:19:43.663 [main] DEBUG org.springframework.test.context.BootstrapUtils - Instantiating BootstrapContext using constructor [public org.springframework.test.context.support.DefaultBootstrapContext(java.lang.Class,org.springframework.test.context.CacheAwareContextLoaderDelegate)]
17:19:43.664 [main] DEBUG org.springframework.test.context.BootstrapUtils - Instantiating TestContextBootstrapper for test class [com.springelasticsearch.app.EmployeeServiceTest] from class [org.springframework.boot.test.context.SpringBootTestContextBootstrapper]
17:19:43.664 [main] INFO org.springframework.boot.test.context.SpringBootTestContextBootstrapper - Neither @ContextConfiguration nor @ContextHierarchy found for test class [com.springelasticsearch.app.EmployeeServiceTest], using SpringBootContextLoader
17:19:43.665 [main] DEBUG org.springframework.test.context.support.AbstractContextLoader - Did not detect default resource location for test class [com.springelasticsearch.app.EmployeeServiceTest]: class path resource [com/springelasticsearch/app/EmployeeServiceTest-context.xml] does not exist
17:19:43.665 [main] DEBUG org.springframework.test.context.support.AbstractContextLoader - Did not detect default resource location for test class [com.springelasticsearch.app.EmployeeServiceTest]: class path resource [com/springelasticsearch/app/EmployeeServiceTestContext.groovy] does not exist
17:19:43.665 [main] INFO org.springframework.test.context.support.AbstractContextLoader - Could not detect default resource locations for test class [com.springelasticsearch.app.EmployeeServiceTest]: no resource found for suffixes {-context.xml, Context.groovy}.
17:19:43.673 [main] DEBUG org.springframework.test.context.support.ActiveProfilesUtils - Could not find an 'annotation declaring class' for annotation type [org.springframework.test.context.ActiveProfiles] and class [com.springelasticsearch.app.EmployeeServiceTest]
17:19:43.680 [main] DEBUG org.springframework.boot.test.context.SpringBootTestContextBootstrapper - @TestExecutionListeners is not present for class [com.springelasticsearch.app.EmployeeServiceTest]: using defaults.
17:19:43.685 [main] INFO org.springframework.boot.test.context.SpringBootTestContextBootstrapper - Loaded default TestExecutionListener class names from location [META-INF/spring.factories]: [org.springframework.boot.test.mock.mockito.MockitoTestExecutionListener, org.springframework.boot.test.mock.mockito.ResetMocksTestExecutionListener, org.springframework.boot.test.autoconfigure.restdocs.RestDocsTestExecutionListener, org.springframework.boot.test.autoconfigure.web.client.MockRestServiceServerResetTestExecutionListener, org.springframework.boot.test.autoconfigure.web.servlet.MockMvcPrintOnlyOnFailureTestExecutionListener, org.springframework.boot.test.autoconfigure.web.servlet.WebDriverTestExecutionListener, org.springframework.test.context.web.ServletTestExecutionListener, org.springframework.test.context.support.DirtiesContextBeforeModesTestExecutionListener, org.springframework.test.context.support.DependencyInjectionTestExecutionListener, org.springframework.test.context.support.DirtiesContextTestExecutionListener, org.springframework.test.context.transaction.TransactionalTestExecutionListener, org.springframework.test.context.jdbc.SqlScriptsTestExecutionListener]
17:19:43.692 [main] INFO org.springframework.boot.test.context.SpringBootTestContextBootstrapper - Could not instantiate TestExecutionListener [org.springframework.test.context.web.ServletTestExecutionListener]. Specify custom listener classes or make the default listener classes (and their required dependencies) available. Offending class: [javax/servlet/ServletContext]
17:19:43.693 [main] INFO org.springframework.boot.test.context.SpringBootTestContextBootstrapper - Using TestExecutionListeners: [org.springframework.test.context.support.DirtiesContextBeforeModesTestExecutionListener@134593bf, org.springframework.boot.test.autoconfigure.SpringBootDependencyInjectionTestExecutionListener@4bb4de6a, org.springframework.test.context.support.DirtiesContextTestExecutionListener@7ba18f1b, org.springframework.test.context.transaction.TransactionalTestExecutionListener@2f8f5f62, org.springframework.test.context.jdbc.SqlScriptsTestExecutionListener@1068e947, org.springframework.boot.test.autoconfigure.restdocs.RestDocsTestExecutionListener@7dc222ae, org.springframework.boot.test.mock.mockito.ResetMocksTestExecutionListener@aecb35a, org.springframework.boot.test.autoconfigure.web.servlet.MockMvcPrintOnlyOnFailureTestExecutionListener@5fcd892a, org.springframework.boot.test.autoconfigure.web.servlet.WebDriverTestExecutionListener@8b87145, org.springframework.boot.test.autoconfigure.web.client.MockRestServiceServerResetTestExecutionListener@6483f5ae, org.springframework.boot.test.mock.mockito.MockitoTestExecutionListener@b9afc07]
17:19:43.693 [main] DEBUG org.springframework.test.annotation.ProfileValueUtils - Retrieved @ProfileValueSourceConfiguration [null] for test class [com.springelasticsearch.app.EmployeeServiceTest]
17:19:43.694 [main] DEBUG org.springframework.test.annotation.ProfileValueUtils - Retrieved ProfileValueSource type [class org.springframework.test.annotation.SystemProfileValueSource] for class [com.springelasticsearch.app.EmployeeServiceTest]
17:19:43.694 [main] DEBUG org.springframework.test.annotation.ProfileValueUtils - Retrieved @ProfileValueSourceConfiguration [null] for test class [com.springelasticsearch.app.EmployeeServiceTest]
17:19:43.695 [main] DEBUG org.springframework.test.annotation.ProfileValueUtils - Retrieved ProfileValueSource type [class org.springframework.test.annotation.SystemProfileValueSource] for class [com.springelasticsearch.app.EmployeeServiceTest]
17:19:43.700 [main] DEBUG org.springframework.test.context.support.AbstractDirtiesContextTestExecutionListener - Before test class: context [DefaultTestContext@4b9e255 testClass = EmployeeServiceTest, testInstance = [null], testMethod = [null], testException = [null], mergedContextConfiguration = [MergedContextConfiguration@5e57643e testClass = EmployeeServiceTest, locations = '{}', classes = '{class com.springelasticsearch.app.SpringElasticsearchExample, class com.springelasticsearch.app.SpringElasticsearchExample}', contextInitializerClasses = '[]', activeProfiles = '{}', propertySourceLocations = '{}', propertySourceProperties = '{org.springframework.boot.test.context.SpringBootTestContextBootstrapper=true}', contextCustomizers = set[org.springframework.boot.test.context.SpringBootTestContextCustomizer@210366b4, org.springframework.boot.test.context.filter.ExcludeFilterContextCustomizer@6ddf90b0, org.springframework.boot.test.mock.mockito.MockitoContextCustomizer@0, org.springframework.boot.test.autoconfigure.properties.PropertyMappingContextCustomizer@0, org.springframework.boot.test.autoconfigure.web.servlet.WebDriverContextCustomizerFactory$Customizer@3d99d22e], contextLoader = 'org.springframework.boot.test.context.SpringBootContextLoader', parent = [null]]], class annotated with @DirtiesContext [false] with mode [null].
17:19:43.701 [main] DEBUG org.springframework.test.annotation.ProfileValueUtils - Retrieved @ProfileValueSourceConfiguration [null] for test class [com.springelasticsearch.app.EmployeeServiceTest]
17:19:43.701 [main] DEBUG org.springframework.test.annotation.ProfileValueUtils - Retrieved ProfileValueSource type [class org.springframework.test.annotation.SystemProfileValueSource] for class [com.springelasticsearch.app.EmployeeServiceTest]
17:19:43.702 [main] DEBUG org.springframework.test.context.support.DependencyInjectionTestExecutionListener - Performing dependency injection for test context [[DefaultTestContext@4b9e255 testClass = EmployeeServiceTest, testInstance = com.springelasticsearch.app.EmployeeServiceTest@2473b9ce, testMethod = [null], testException = [null], mergedContextConfiguration = [MergedContextConfiguration@5e57643e testClass = EmployeeServiceTest, locations = '{}', classes = '{class com.springelasticsearch.app.SpringElasticsearchExample, class com.springelasticsearch.app.SpringElasticsearchExample}', contextInitializerClasses = '[]', activeProfiles = '{}', propertySourceLocations = '{}', propertySourceProperties = '{org.springframework.boot.test.context.SpringBootTestContextBootstrapper=true}', contextCustomizers = set[org.springframework.boot.test.context.SpringBootTestContextCustomizer@210366b4, org.springframework.boot.test.context.filter.ExcludeFilterContextCustomizer@6ddf90b0, org.springframework.boot.test.mock.mockito.MockitoContextCustomizer@0, org.springframework.boot.test.autoconfigure.properties.PropertyMappingContextCustomizer@0, org.springframework.boot.test.autoconfigure.web.servlet.WebDriverContextCustomizerFactory$Customizer@3d99d22e], contextLoader = 'org.springframework.boot.test.context.SpringBootContextLoader', parent = [null]]]].
17:19:43.806 [main] DEBUG org.springframework.core.env.StandardEnvironment - Adding [systemProperties] PropertySource with lowest search precedence
17:19:43.810 [main] DEBUG org.springframework.core.env.StandardEnvironment - Adding [systemEnvironment] PropertySource with lowest search precedence
17:19:43.810 [main] DEBUG org.springframework.core.env.StandardEnvironment - Initialized StandardEnvironment with PropertySources [systemProperties,systemEnvironment]
17:19:43.813 [main] DEBUG org.springframework.core.env.MutablePropertySources - Adding [inline] PropertySource with highest search precedence
17:19:43.820 [main] DEBUG org.springframework.test.context.support.TestPropertySourceUtils - Adding inlined properties to environment: {spring.jmx.enabled=false, org.springframework.boot.test.context.SpringBootTestContextBootstrapper=true, server.port=-1}
17:19:43.821 [main] DEBUG org.springframework.core.env.StandardEnvironment - Adding [Inlined Test Properties] PropertySource with highest search precedence

  .   ____          _            __ _ _
 /\\ / ___'_ __ _ _(_)_ __  __ _ \ \ \ \
( ( )\___ | '_ | '_| | '_ \/ _` | \ \ \ \
 \\/  ___)| |_)| | | | | || (_| |  ) ) ) )
  '  |____| .__|_| |_|_| |_\__, | / / / /
 =========|_|==============|___/=/_/_/_/
 :: Spring Boot ::        (v1.5.1.RELEASE)

2018-08-12 17:19:44.212  INFO 10127 --- [           main] c.s.app.EmployeeServiceTest              : Starting EmployeeServiceTest on IM0318-L0 with PID 10127 (started by rajithar in /home/rajithar/git/my-springelasticsearch-app)
2018-08-12 17:19:44.224  INFO 10127 --- [           main] c.s.app.EmployeeServiceTest              : No active profile set, falling back to default profiles: default
2018-08-12 17:19:44.275  INFO 10127 --- [           main] s.c.a.AnnotationConfigApplicationContext : Refreshing org.springframework.context.annotation.AnnotationConfigApplicationContext@d21a74c: startup date [Sun Aug 12 17:19:44 IST 2018]; root of context hierarchy
2018-08-12 17:19:44.742  INFO 10127 --- [           main] o.s.b.f.s.DefaultListableBeanFactory     : Overriding bean definition for bean 'elasticsearchTemplate' with a different definition: replacing [Root bean: class [null]; scope=; abstract=false; lazyInit=false; autowireMode=3; dependencyCheck=0; autowireCandidate=true; primary=false; factoryBeanName=esConfig; factoryMethodName=elasticsearchTemplate; initMethodName=null; destroyMethodName=(inferred); defined in class path resource [com/springelasticsearch/app/EsConfig.class]] with [Root bean: class [null]; scope=; abstract=false; lazyInit=false; autowireMode=3; dependencyCheck=0; autowireCandidate=true; primary=false; factoryBeanName=org.springframework.boot.autoconfigure.data.elasticsearch.ElasticsearchDataAutoConfiguration; factoryMethodName=elasticsearchTemplate; initMethodName=null; destroyMethodName=(inferred); defined in class path resource [org/springframework/boot/autoconfigure/data/elasticsearch/ElasticsearchDataAutoConfiguration.class]]
2018-08-12 17:19:45.244  INFO 10127 --- [           main] org.elasticsearch.plugins                : [Rebel] modules [], plugins [], sites []
2018-08-12 17:19:51.386  INFO 10127 --- [           main] org.elasticsearch.client.transport       : [Rebel] failed to get node info for {#transport#-1}{127.0.0.1}{127.0.0.1:9200}, disconnecting...

org.elasticsearch.transport.ReceiveTimeoutTransportException: [][127.0.0.1:9200][cluster:monitor/nodes/liveness] request_id [0] timed out after [5001ms]
	at org.elasticsearch.transport.TransportService$TimeoutHandler.run(TransportService.java:698) ~[elasticsearch-2.4.4.jar:2.4.4]
	at java.util.concurrent.ThreadPoolExecutor.runWorker(ThreadPoolExecutor.java:1149) ~[na:1.8.0_151]
	at java.util.concurrent.ThreadPoolExecutor$Worker.run(ThreadPoolExecutor.java:624) ~[na:1.8.0_151]
	at java.lang.Thread.run(Thread.java:748) ~[na:1.8.0_151]

2018-08-12 17:19:51.694 ERROR 10127 --- [           main] .d.e.r.s.AbstractElasticsearchRepository : failed to load elasticsearch nodes : org.elasticsearch.client.transport.NoNodeAvailableException: None of the configured nodes are available: [{#transport#-1}{127.0.0.1}{127.0.0.1:9200}]
--ElasticSearch--
client.type = transport
cluster.name = my-cluster
name = Rebel
network.server = false
node.client = true
transport.ping_schedule = 5s
--ElasticSearch--
2018-08-12 17:19:51.874  INFO 10127 --- [           main] c.s.app.EmployeeServiceTest              : Started EmployeeServiceTest in 8.05 seconds (JVM running for 9.05)
]]></system-out>
  </testcase>
  <testcase name="testSave" classname="com.springelasticsearch.app.EmployeeServiceTest" time="0.003">
    <error message="None of the configured nodes are available: [{#transport#-1}{127.0.0.1}{127.0.0.1:9200}]" type="org.elasticsearch.client.transport.NoNodeAvailableException">org.elasticsearch.client.transport.NoNodeAvailableException: None of the configured nodes are available: [{#transport#-1}{127.0.0.1}{127.0.0.1:9200}]
	at org.elasticsearch.client.transport.TransportClientNodesService.ensureNodesAreAvailable(TransportClientNodesService.java:326)
	at org.elasticsearch.client.transport.TransportClientNodesService.execute(TransportClientNodesService.java:223)
	at org.elasticsearch.client.transport.support.TransportProxyClient.execute(TransportProxyClient.java:55)
	at org.elasticsearch.client.transport.TransportClient.doExecute(TransportClient.java:295)
	at org.elasticsearch.client.support.AbstractClient.execute(AbstractClient.java:359)
	at org.elasticsearch.client.support.AbstractClient.execute(AbstractClient.java:348)
	at org.elasticsearch.client.support.AbstractClient$IndicesAdmin.execute(AbstractClient.java:1221)
	at org.elasticsearch.client.support.AbstractClient$IndicesAdmin.exists(AbstractClient.java:1241)
	at org.springframework.data.elasticsearch.core.ElasticsearchTemplate.indexExists(ElasticsearchTemplate.java:622)
	at org.springframework.data.elasticsearch.core.ElasticsearchTemplate.deleteIndex(ElasticsearchTemplate.java:639)
	at org.springframework.data.elasticsearch.core.ElasticsearchTemplate.deleteIndex(ElasticsearchTemplate.java:633)
	at com.springelasticsearch.app.EmployeeServiceTest.before(EmployeeServiceTest.java:34)
</error>
  </testcase>
</testsuite>